<?xml version="1.0" encoding="UTF-8"?>
<robot generator="Robot 4.0.3 (Python 3.9.5 on win32)" generated="20210704 16:39:47.793" rpa="false" schemaversion="2">
<suite id="s1" name="If" source="C:\Users\vaaxa\OneDrive\Backup Dropbox\Backup Onedrvive\Documentos\Projetos\Prime Experts\PrimeExperts_junho_28_2021\if">
<suite id="s1-s1" name="If" source="C:\Users\vaaxa\OneDrive\Backup Dropbox\Backup Onedrvive\Documentos\Projetos\Prime Experts\PrimeExperts_junho_28_2021\if\if.robot">
<test id="s1-s1-t1" name="Jogo do adivinha">
<kw name="Eu tenho o numero">
<arg>10</arg>
<kw name="Ganhei o jogo &quot;${possuo_o_numero}&quot;" sourcename="Ganhei o jogo &quot;${numero_recebido}&quot;">
<kw name="Set Variable" library="BuiltIn">
<var>${mensagem_vencedora}</var>
<arg>voce ganhou o jogo</arg>
<doc>Returns the given values which can then be assigned to a variables.</doc>
<msg timestamp="20210704 16:39:47.824" level="INFO">${mensagem_vencedora} = voce ganhou o jogo</msg>
<status status="PASS" starttime="20210704 16:39:47.824" endtime="20210704 16:39:47.824"/>
</kw>
<if>
<branch type="IF" condition="${numero_recebido} == ${5}">
<kw name="Log To Console" library="BuiltIn">
<arg>${mensagem_vencedora}</arg>
<doc>Logs the given message to the console.</doc>
<status status="NOT RUN" starttime="20210704 16:39:47.824" endtime="20210704 16:39:47.824"/>
</kw>
<status status="NOT RUN" starttime="20210704 16:39:47.824" endtime="20210704 16:39:47.824"/>
</branch>
<branch type="ELSE IF" condition="${numero_recebido} == ${8}">
<kw name="Log To Console" library="BuiltIn">
<arg>${mensagem_vencedora}</arg>
<doc>Logs the given message to the console.</doc>
<status status="NOT RUN" starttime="20210704 16:39:47.824" endtime="20210704 16:39:47.824"/>
</kw>
<status status="NOT RUN" starttime="20210704 16:39:47.824" endtime="20210704 16:39:47.824"/>
</branch>
<branch type="ELSE">
<kw name="Log To Console" library="BuiltIn">
<arg>Voce perdeu!</arg>
<doc>Logs the given message to the console.</doc>
<status status="PASS" starttime="20210704 16:39:47.824" endtime="20210704 16:39:47.824"/>
</kw>
<status status="PASS" starttime="20210704 16:39:47.824" endtime="20210704 16:39:47.824"/>
</branch>
<status status="PASS" starttime="20210704 16:39:47.824" endtime="20210704 16:39:47.824"/>
</if>
<status status="PASS" starttime="20210704 16:39:47.824" endtime="20210704 16:39:47.824"/>
</kw>
<status status="PASS" starttime="20210704 16:39:47.824" endtime="20210704 16:39:47.824"/>
</kw>
<status status="PASS" starttime="20210704 16:39:47.824" endtime="20210704 16:39:47.824"/>
</test>
<doc>testando lacos(IF) com robot</doc>
<status status="PASS" starttime="20210704 16:39:47.809" endtime="20210704 16:39:47.824"/>
</suite>
<status status="PASS" starttime="20210704 16:39:47.793" endtime="20210704 16:39:47.824"/>
</suite>
<statistics>
<total>
<stat pass="1" fail="0" skip="0">All Tests</stat>
</total>
<tag>
</tag>
<suite>
<stat pass="1" fail="0" skip="0" id="s1" name="If">If</stat>
<stat pass="1" fail="0" skip="0" id="s1-s1" name="If">If.If</stat>
</suite>
</statistics>
<errors>
</errors>
</robot>
