<?xml version="1.0" encoding="UTF-8"?>
<robot generator="Robot 4.0.3 (Python 3.9.5 on win32)" generated="20210704 17:01:03.476" rpa="false" schemaversion="2">
<suite id="s1" name="Variables" source="C:\Users\vaaxa\OneDrive\Backup Dropbox\Backup Onedrvive\Documentos\Projetos\Prime Experts\PrimeExperts_junho_28_2021\variables">
<suite id="s1-s1" name="Dictionary" source="C:\Users\vaaxa\OneDrive\Backup Dropbox\Backup Onedrvive\Documentos\Projetos\Prime Experts\PrimeExperts_junho_28_2021\variables\dictionary.robot">
<test id="s1-s1-t1" name="Meu teste de gosto musical MPB:">
<kw name="Informar cantor preferido de MPB:">
<kw name="Log To Console" library="BuiltIn">
<arg>${MPB}</arg>
<doc>Logs the given message to the console.</doc>
<status status="PASS" starttime="20210704 17:01:03.492" endtime="20210704 17:01:03.492"/>
</kw>
<status status="PASS" starttime="20210704 17:01:03.492" endtime="20210704 17:01:03.492"/>
</kw>
<status status="PASS" starttime="20210704 17:01:03.492" endtime="20210704 17:01:03.492"/>
</test>
<test id="s1-s1-t2" name="Meu teste de gosto musical Sertanejo:">
<kw name="Informa cantor preferido de Sertanejo:">
<kw name="Log To Console" library="BuiltIn">
<arg>${Sertanejo}</arg>
<doc>Logs the given message to the console.</doc>
<status status="PASS" starttime="20210704 17:01:03.492" endtime="20210704 17:01:03.492"/>
</kw>
<status status="PASS" starttime="20210704 17:01:03.492" endtime="20210704 17:01:03.492"/>
</kw>
<status status="PASS" starttime="20210704 17:01:03.492" endtime="20210704 17:01:03.508"/>
</test>
<test id="s1-s1-t3" name="Meu teste de gosto musical POP:">
<kw name="Informar cantor preferido de POP:">
<kw name="Log To Console" library="BuiltIn">
<arg>${POP}</arg>
<doc>Logs the given message to the console.</doc>
<status status="PASS" starttime="20210704 17:01:03.508" endtime="20210704 17:01:03.508"/>
</kw>
<status status="PASS" starttime="20210704 17:01:03.508" endtime="20210704 17:01:03.508"/>
</kw>
<status status="PASS" starttime="20210704 17:01:03.508" endtime="20210704 17:01:03.508"/>
</test>
<test id="s1-s1-t4" name="Meu teste de gosto musical Rock:">
<kw name="Informar cantor preferido de Rock:">
<kw name="Log To Console" library="BuiltIn">
<arg>${Rock}</arg>
<doc>Logs the given message to the console.</doc>
<status status="PASS" starttime="20210704 17:01:03.508" endtime="20210704 17:01:03.508"/>
</kw>
<status status="PASS" starttime="20210704 17:01:03.508" endtime="20210704 17:01:03.508"/>
</kw>
<status status="PASS" starttime="20210704 17:01:03.508" endtime="20210704 17:01:03.508"/>
</test>
<test id="s1-s1-t5" name="Meu teste de gosto musical Indie:">
<kw name="Informar cantor preferido de Indie:">
<kw name="Log To Console" library="BuiltIn">
<arg>${Indie}</arg>
<doc>Logs the given message to the console.</doc>
<status status="PASS" starttime="20210704 17:01:03.508" endtime="20210704 17:01:03.508"/>
</kw>
<status status="PASS" starttime="20210704 17:01:03.508" endtime="20210704 17:01:03.508"/>
</kw>
<status status="PASS" starttime="20210704 17:01:03.508" endtime="20210704 17:01:03.508"/>
</test>
<test id="s1-s1-t6" name="Meu teste de gosto musical NewAge:">
<kw name="Informar cantor preferido de New Age:">
<kw name="Log To Console" library="BuiltIn">
<arg>${NewAge}</arg>
<doc>Logs the given message to the console.</doc>
<status status="PASS" starttime="20210704 17:01:03.508" endtime="20210704 17:01:03.508"/>
</kw>
<status status="PASS" starttime="20210704 17:01:03.508" endtime="20210704 17:01:03.508"/>
</kw>
<status status="PASS" starttime="20210704 17:01:03.508" endtime="20210704 17:01:03.508"/>
</test>
<test id="s1-s1-t7" name="Meu teste de gosto musical Flashback:">
<kw name="Informar cantor preferido de Flashback:">
<kw name="Log To Console" library="BuiltIn">
<arg>${Flashback}</arg>
<doc>Logs the given message to the console.</doc>
<status status="PASS" starttime="20210704 17:01:03.508" endtime="20210704 17:01:03.508"/>
</kw>
<status status="PASS" starttime="20210704 17:01:03.508" endtime="20210704 17:01:03.508"/>
</kw>
<status status="PASS" starttime="20210704 17:01:03.508" endtime="20210704 17:01:03.508"/>
</test>
<doc>Meu teste de dicionário</doc>
<status status="PASS" starttime="20210704 17:01:03.492" endtime="20210704 17:01:03.508"/>
</suite>
<suite id="s1-s2" name="Teste Variaveis" source="C:\Users\vaaxa\OneDrive\Backup Dropbox\Backup Onedrvive\Documentos\Projetos\Prime Experts\PrimeExperts_junho_28_2021\variables\teste_variaveis.robot">
<test id="s1-s2-t1" name="Meu teste imprimindo uma lista de FRUTAS">
<kw name="Logar no meu terminal uma lista de FRUTAS">
<kw name="Set Suite Variable" library="BuiltIn">
<arg>${nova_fruta}</arg>
<arg>morango</arg>
<doc>Makes a variable available everywhere within the scope of the current suite.</doc>
<msg timestamp="20210704 17:01:03.523" level="INFO">${nova_fruta} = morango</msg>
<status status="PASS" starttime="20210704 17:01:03.523" endtime="20210704 17:01:03.523"/>
</kw>
<kw name="Set Variable" library="BuiltIn">
<var>${nova_fruta2}</var>
<arg>uva</arg>
<doc>Returns the given values which can then be assigned to a variables.</doc>
<msg timestamp="20210704 17:01:03.523" level="INFO">${nova_fruta2} = uva</msg>
<status status="PASS" starttime="20210704 17:01:03.523" endtime="20210704 17:01:03.523"/>
</kw>
<kw name="Log To Console" library="BuiltIn">
<arg>${\n}</arg>
<doc>Logs the given message to the console.</doc>
<status status="PASS" starttime="20210704 17:01:03.523" endtime="20210704 17:01:03.523"/>
</kw>
<kw name="Log To Console" library="BuiltIn">
<arg>${FRUTAS} ${nova_fruta} ${nova_fruta2}</arg>
<doc>Logs the given message to the console.</doc>
<status status="PASS" starttime="20210704 17:01:03.523" endtime="20210704 17:01:03.523"/>
</kw>
<kw name="Log Many" library="BuiltIn">
<arg>${FRUTAS}</arg>
<doc>Logs the given messages as separate entries using the INFO level.</doc>
<msg timestamp="20210704 17:01:03.523" level="INFO">['banana', 'maca', 'laranja']</msg>
<status status="PASS" starttime="20210704 17:01:03.523" endtime="20210704 17:01:03.523"/>
</kw>
<kw name="Log To Console" library="BuiltIn">
<arg>${nova_fruta} ${nova_fruta2}</arg>
<doc>Logs the given message to the console.</doc>
<status status="PASS" starttime="20210704 17:01:03.523" endtime="20210704 17:01:03.523"/>
</kw>
<status status="PASS" starttime="20210704 17:01:03.523" endtime="20210704 17:01:03.523"/>
</kw>
<status status="PASS" starttime="20210704 17:01:03.523" endtime="20210704 17:01:03.523"/>
</test>
<test id="s1-s2-t2" name="Meu teste de impressao de mensagem no terminal">
<kw name="Logar no terminal uma mensagem">
<kw name="Log To Console" library="BuiltIn">
<arg>${nova_fruta}</arg>
<doc>Logs the given message to the console.</doc>
<status status="PASS" starttime="20210704 17:01:03.523" endtime="20210704 17:01:03.523"/>
</kw>
<kw name="Log To Console" library="BuiltIn">
<arg>${PESSOA}</arg>
<doc>Logs the given message to the console.</doc>
<status status="PASS" starttime="20210704 17:01:03.523" endtime="20210704 17:01:03.523"/>
</kw>
<kw name="Log To Console" library="BuiltIn">
<arg>${\n}</arg>
<doc>Logs the given message to the console.</doc>
<status status="PASS" starttime="20210704 17:01:03.523" endtime="20210704 17:01:03.523"/>
</kw>
<kw name="Log To Console" library="BuiltIn">
<arg>${MENSAGEM}</arg>
<doc>Logs the given message to the console.</doc>
<status status="PASS" starttime="20210704 17:01:03.523" endtime="20210704 17:01:03.523"/>
</kw>
<status status="PASS" starttime="20210704 17:01:03.523" endtime="20210704 17:01:03.523"/>
</kw>
<status status="PASS" starttime="20210704 17:01:03.523" endtime="20210704 17:01:03.523"/>
</test>
<test id="s1-s2-t3" name="Meu teste imprimindo um dicionario de Pessoa">
<kw name="Logar no meu terminal uma PESSOA">
<kw name="Log To Console" library="BuiltIn">
<arg>${\n}</arg>
<doc>Logs the given message to the console.</doc>
<status status="PASS" starttime="20210704 17:01:03.523" endtime="20210704 17:01:03.523"/>
</kw>
<kw name="Log To Console" library="BuiltIn">
<arg>${PESSOA}</arg>
<doc>Logs the given message to the console.</doc>
<status status="PASS" starttime="20210704 17:01:03.523" endtime="20210704 17:01:03.523"/>
</kw>
<kw name="Log To Console" library="BuiltIn">
<arg>${\n}</arg>
<doc>Logs the given message to the console.</doc>
<status status="PASS" starttime="20210704 17:01:03.523" endtime="20210704 17:01:03.523"/>
</kw>
<kw name="Log To Console" library="BuiltIn">
<arg>${PESSOA.nome} ${PESSOA.sobrenome} ${PESSOA.idade} anos!</arg>
<doc>Logs the given message to the console.</doc>
<status status="PASS" starttime="20210704 17:01:03.523" endtime="20210704 17:01:03.523"/>
</kw>
<status status="PASS" starttime="20210704 17:01:03.523" endtime="20210704 17:01:03.523"/>
</kw>
<status status="PASS" starttime="20210704 17:01:03.523" endtime="20210704 17:01:03.523"/>
</test>
<doc>Meu teste de variáveis</doc>
<status status="PASS" starttime="20210704 17:01:03.508" endtime="20210704 17:01:03.539"/>
</suite>
<status status="PASS" starttime="20210704 17:01:03.476" endtime="20210704 17:01:03.539"/>
</suite>
<statistics>
<total>
<stat pass="10" fail="0" skip="0">All Tests</stat>
</total>
<tag>
</tag>
<suite>
<stat pass="10" fail="0" skip="0" id="s1" name="Variables">Variables</stat>
<stat pass="7" fail="0" skip="0" id="s1-s1" name="Dictionary">Variables.Dictionary</stat>
<stat pass="3" fail="0" skip="0" id="s1-s2" name="Teste Variaveis">Variables.Teste Variaveis</stat>
</suite>
</statistics>
<errors>
</errors>
</robot>
