<?xml version="1.0" encoding="UTF-8"?>
<robot generator="Robot 4.0.3 (Python 3.9.5 on win32)" generated="20210629 22:59:59.875" rpa="false" schemaversion="2">
<suite id="s1" name="Dictionary" source="C:\Users\vaaxa\OneDrive\Backup Dropbox\Backup Onedrvive\Documentos\Projetos\Prime Experts\PrimeExperts_junho_28_2021\variables\Dictionary">
<suite id="s1-s1" name="Dictionary" source="C:\Users\vaaxa\OneDrive\Backup Dropbox\Backup Onedrvive\Documentos\Projetos\Prime Experts\PrimeExperts_junho_28_2021\variables\Dictionary\dictionary.robot">
<test id="s1-s1-t1" name="Meu teste de gosto musical MPB:">
<kw name="Informar cantor preferido de MPB:">
<kw name="Log To Console" library="BuiltIn">
<arg>${MPB}</arg>
<doc>Logs the given message to the console.</doc>
<status status="PASS" starttime="20210629 22:59:59.934" endtime="20210629 22:59:59.936"/>
</kw>
<status status="PASS" starttime="20210629 22:59:59.933" endtime="20210629 22:59:59.936"/>
</kw>
<status status="PASS" starttime="20210629 22:59:59.931" endtime="20210629 22:59:59.937"/>
</test>
<test id="s1-s1-t2" name="Meu teste de gosto musical Sertanejo:">
<kw name="Informa cantor preferido de Sertanejo:">
<kw name="Log To Console" library="BuiltIn">
<arg>${Sertanejo}</arg>
<doc>Logs the given message to the console.</doc>
<status status="PASS" starttime="20210629 22:59:59.941" endtime="20210629 22:59:59.942"/>
</kw>
<status status="PASS" starttime="20210629 22:59:59.941" endtime="20210629 22:59:59.942"/>
</kw>
<status status="PASS" starttime="20210629 22:59:59.939" endtime="20210629 22:59:59.943"/>
</test>
<test id="s1-s1-t3" name="Meu teste de gosto musical POP:">
<kw name="Informar cantor preferido de POP:">
<kw name="Log To Console" library="BuiltIn">
<arg>${POP}</arg>
<doc>Logs the given message to the console.</doc>
<status status="PASS" starttime="20210629 22:59:59.949" endtime="20210629 22:59:59.950"/>
</kw>
<status status="PASS" starttime="20210629 22:59:59.947" endtime="20210629 22:59:59.951"/>
</kw>
<status status="PASS" starttime="20210629 22:59:59.946" endtime="20210629 22:59:59.952"/>
</test>
<test id="s1-s1-t4" name="Meu teste de gosto musical Rock:">
<kw name="Informar cantor preferido de Rock:">
<kw name="Log To Console" library="BuiltIn">
<arg>${Rock}</arg>
<doc>Logs the given message to the console.</doc>
<status status="PASS" starttime="20210629 22:59:59.956" endtime="20210629 22:59:59.958"/>
</kw>
<status status="PASS" starttime="20210629 22:59:59.955" endtime="20210629 22:59:59.959"/>
</kw>
<status status="PASS" starttime="20210629 22:59:59.954" endtime="20210629 22:59:59.960"/>
</test>
<test id="s1-s1-t5" name="Meu teste de gosto musical Indie:">
<kw name="Informar cantor preferido de Indie:">
<kw name="Log To Console" library="BuiltIn">
<arg>${Indie}</arg>
<doc>Logs the given message to the console.</doc>
<status status="PASS" starttime="20210629 22:59:59.964" endtime="20210629 22:59:59.965"/>
</kw>
<status status="PASS" starttime="20210629 22:59:59.964" endtime="20210629 22:59:59.965"/>
</kw>
<status status="PASS" starttime="20210629 22:59:59.962" endtime="20210629 22:59:59.966"/>
</test>
<test id="s1-s1-t6" name="Meu teste de gosto musical NewAge:">
<kw name="Informar cantor preferido de New Age:">
<kw name="Log To Console" library="BuiltIn">
<arg>${NewAge}</arg>
<doc>Logs the given message to the console.</doc>
<status status="PASS" starttime="20210629 22:59:59.970" endtime="20210629 22:59:59.972"/>
</kw>
<status status="PASS" starttime="20210629 22:59:59.970" endtime="20210629 22:59:59.972"/>
</kw>
<status status="PASS" starttime="20210629 22:59:59.969" endtime="20210629 22:59:59.973"/>
</test>
<test id="s1-s1-t7" name="Meu teste de gosto musical Flashback:">
<kw name="Informar cantor preferido de Flashback:">
<kw name="Log To Console" library="BuiltIn">
<arg>${Flashback}</arg>
<doc>Logs the given message to the console.</doc>
<status status="PASS" starttime="20210629 22:59:59.978" endtime="20210629 22:59:59.979"/>
</kw>
<status status="PASS" starttime="20210629 22:59:59.977" endtime="20210629 22:59:59.979"/>
</kw>
<status status="PASS" starttime="20210629 22:59:59.976" endtime="20210629 22:59:59.980"/>
</test>
<doc>Meu teste de dictionary</doc>
<status status="PASS" starttime="20210629 22:59:59.924" endtime="20210629 22:59:59.983"/>
</suite>
<status status="PASS" starttime="20210629 22:59:59.878" endtime="20210629 22:59:59.988"/>
</suite>
<statistics>
<total>
<stat pass="7" fail="0" skip="0">All Tests</stat>
</total>
<tag>
</tag>
<suite>
<stat pass="7" fail="0" skip="0" id="s1" name="Dictionary">Dictionary</stat>
<stat pass="7" fail="0" skip="0" id="s1-s1" name="Dictionary">Dictionary.Dictionary</stat>
</suite>
</statistics>
<errors>
</errors>
</robot>
