<?xml version="1.0" encoding="UTF-8"?>
<robot generator="Robot 4.0.3 (Python 3.9.5 on win32)" generated="20210704 16:33:19.477" rpa="false" schemaversion="2">
<suite id="s1" name="For" source="C:\Users\vaaxa\OneDrive\Backup Dropbox\Backup Onedrvive\Documentos\Projetos\Prime Experts\PrimeExperts_junho_28_2021\for">
<suite id="s1-s1" name="For" source="C:\Users\vaaxa\OneDrive\Backup Dropbox\Backup Onedrvive\Documentos\Projetos\Prime Experts\PrimeExperts_junho_28_2021\for\for.robot">
<test id="s1-s1-t1" name="Contando ate 9">
<kw name="Teste">
<arg>1</arg>
<arg>9</arg>
<for flavor="IN RANGE">
<var>${count}</var>
<value>${num_inicial}</value>
<value>${num_final}</value>
<iter>
<var name="${count}">1</var>
<kw name="Log To Console" library="BuiltIn">
<arg>${\n}Estou no numero ${count}</arg>
<doc>Logs the given message to the console.</doc>
<status status="PASS" starttime="20210704 16:33:19.508" endtime="20210704 16:33:19.508"/>
</kw>
<status status="PASS" starttime="20210704 16:33:19.508" endtime="20210704 16:33:19.508"/>
</iter>
<iter>
<var name="${count}">2</var>
<kw name="Log To Console" library="BuiltIn">
<arg>${\n}Estou no numero ${count}</arg>
<doc>Logs the given message to the console.</doc>
<status status="PASS" starttime="20210704 16:33:19.508" endtime="20210704 16:33:19.508"/>
</kw>
<status status="PASS" starttime="20210704 16:33:19.508" endtime="20210704 16:33:19.508"/>
</iter>
<iter>
<var name="${count}">3</var>
<kw name="Log To Console" library="BuiltIn">
<arg>${\n}Estou no numero ${count}</arg>
<doc>Logs the given message to the console.</doc>
<status status="PASS" starttime="20210704 16:33:19.508" endtime="20210704 16:33:19.508"/>
</kw>
<status status="PASS" starttime="20210704 16:33:19.508" endtime="20210704 16:33:19.508"/>
</iter>
<iter>
<var name="${count}">4</var>
<kw name="Log To Console" library="BuiltIn">
<arg>${\n}Estou no numero ${count}</arg>
<doc>Logs the given message to the console.</doc>
<status status="PASS" starttime="20210704 16:33:19.508" endtime="20210704 16:33:19.508"/>
</kw>
<status status="PASS" starttime="20210704 16:33:19.508" endtime="20210704 16:33:19.508"/>
</iter>
<iter>
<var name="${count}">5</var>
<kw name="Log To Console" library="BuiltIn">
<arg>${\n}Estou no numero ${count}</arg>
<doc>Logs the given message to the console.</doc>
<status status="PASS" starttime="20210704 16:33:19.508" endtime="20210704 16:33:19.508"/>
</kw>
<status status="PASS" starttime="20210704 16:33:19.508" endtime="20210704 16:33:19.508"/>
</iter>
<iter>
<var name="${count}">6</var>
<kw name="Log To Console" library="BuiltIn">
<arg>${\n}Estou no numero ${count}</arg>
<doc>Logs the given message to the console.</doc>
<status status="PASS" starttime="20210704 16:33:19.508" endtime="20210704 16:33:19.508"/>
</kw>
<status status="PASS" starttime="20210704 16:33:19.508" endtime="20210704 16:33:19.508"/>
</iter>
<iter>
<var name="${count}">7</var>
<kw name="Log To Console" library="BuiltIn">
<arg>${\n}Estou no numero ${count}</arg>
<doc>Logs the given message to the console.</doc>
<status status="PASS" starttime="20210704 16:33:19.508" endtime="20210704 16:33:19.508"/>
</kw>
<status status="PASS" starttime="20210704 16:33:19.508" endtime="20210704 16:33:19.508"/>
</iter>
<iter>
<var name="${count}">8</var>
<kw name="Log To Console" library="BuiltIn">
<arg>${\n}Estou no numero ${count}</arg>
<doc>Logs the given message to the console.</doc>
<status status="PASS" starttime="20210704 16:33:19.508" endtime="20210704 16:33:19.508"/>
</kw>
<status status="PASS" starttime="20210704 16:33:19.508" endtime="20210704 16:33:19.508"/>
</iter>
<status status="PASS" starttime="20210704 16:33:19.508" endtime="20210704 16:33:19.508"/>
</for>
<status status="PASS" starttime="20210704 16:33:19.508" endtime="20210704 16:33:19.508"/>
</kw>
<status status="PASS" starttime="20210704 16:33:19.508" endtime="20210704 16:33:19.508"/>
</test>
<doc>testando lacos(for) com robot</doc>
<status status="PASS" starttime="20210704 16:33:19.492" endtime="20210704 16:33:19.508"/>
</suite>
<status status="PASS" starttime="20210704 16:33:19.477" endtime="20210704 16:33:19.508"/>
</suite>
<statistics>
<total>
<stat pass="1" fail="0" skip="0">All Tests</stat>
</total>
<tag>
</tag>
<suite>
<stat pass="1" fail="0" skip="0" id="s1" name="For">For</stat>
<stat pass="1" fail="0" skip="0" id="s1-s1" name="For">For.For</stat>
</suite>
</statistics>
<errors>
</errors>
</robot>
