<?xml version="1.0" encoding="UTF-8"?>
<robot generator="Robot 4.0.3 (Python 3.9.5 on win32)" generated="20210629 21:14:01.200" rpa="false" schemaversion="2">
<suite id="s1" name="Variables" source="C:\Users\vaaxa\OneDrive\Backup Dropbox\Backup Onedrvive\Documentos\Projetos\Prime Experts\PrimeExperts_junho_28_2021\variables">
<suite id="s1-s1" name="Listas" source="C:\Users\vaaxa\OneDrive\Backup Dropbox\Backup Onedrvive\Documentos\Projetos\Prime Experts\PrimeExperts_junho_28_2021\variables\listas.robot">
<test id="s1-s1-t1" name="Informar os catores e bandas preferidos de cada estilo musical">
<status status="FAIL" starttime="20210629 21:14:01.238" endtime="20210629 21:14:01.238">Test case contains no keywords.</status>
</test>
<doc>Meu teste de gosto musical duvidoso</doc>
<status status="FAIL" starttime="20210629 21:14:01.226" endtime="20210629 21:14:01.240"/>
</suite>
<suite id="s1-s2" name="Teste Variaveis" source="C:\Users\vaaxa\OneDrive\Backup Dropbox\Backup Onedrvive\Documentos\Projetos\Prime Experts\PrimeExperts_junho_28_2021\variables\teste_variaveis.robot">
<test id="s1-s2-t1" name="Meu teste de impressão de mensagem no terminal">
<kw name="Logar no terminal uma mensagem">
<kw name="Log To Console" library="BuiltIn">
<arg>${MENSAGEM}</arg>
<doc>Logs the given message to the console.</doc>
<status status="PASS" starttime="20210629 21:14:01.246" endtime="20210629 21:14:01.247"/>
</kw>
<status status="PASS" starttime="20210629 21:14:01.246" endtime="20210629 21:14:01.247"/>
</kw>
<status status="PASS" starttime="20210629 21:14:01.245" endtime="20210629 21:14:01.247"/>
</test>
<doc>Meu teste de variáveis</doc>
<status status="PASS" starttime="20210629 21:14:01.242" endtime="20210629 21:14:01.249"/>
</suite>
<status status="FAIL" starttime="20210629 21:14:01.202" endtime="20210629 21:14:01.251"/>
</suite>
<statistics>
<total>
<stat pass="1" fail="1" skip="0">All Tests</stat>
</total>
<tag>
</tag>
<suite>
<stat pass="1" fail="1" skip="0" id="s1" name="Variables">Variables</stat>
<stat pass="0" fail="1" skip="0" id="s1-s1" name="Listas">Variables.Listas</stat>
<stat pass="1" fail="0" skip="0" id="s1-s2" name="Teste Variaveis">Variables.Teste Variaveis</stat>
</suite>
</statistics>
<errors>
</errors>
</robot>
