<?xml version="1.0" encoding="UTF-8"?>
<robot generator="Robot 4.0.3 (Python 3.9.5 on win32)" generated="20210704 16:29:30.136" rpa="false" schemaversion="2">
<suite id="s1" name="Argumentos Retornos" source="C:\Users\vaaxa\OneDrive\Backup Dropbox\Backup Onedrvive\Documentos\Projetos\Prime Experts\PrimeExperts_junho_28_2021\argumentos_retornos">
<suite id="s1-s1" name="Argumentos Retornos" source="C:\Users\vaaxa\OneDrive\Backup Dropbox\Backup Onedrvive\Documentos\Projetos\Prime Experts\PrimeExperts_junho_28_2021\argumentos_retornos\argumentos_retornos.robot">
<kw name="kw para executar no setup da Suite" type="SETUP">
<kw name="Log To Console" library="BuiltIn">
<arg>Essa KW foi executada no Setup da Suite</arg>
<doc>Logs the given message to the console.</doc>
<status status="PASS" starttime="20210704 16:29:30.170" endtime="20210704 16:29:30.170"/>
</kw>
<status status="PASS" starttime="20210704 16:29:30.170" endtime="20210704 16:29:30.171"/>
</kw>
<test id="s1-s1-t1" name="Meu teste de soma">
<kw name="kw para executar no setup de cada Teste" type="SETUP">
<kw name="Log To Console" library="BuiltIn">
<arg>Essa KW foi executada no setup de cada Teste</arg>
<doc>Logs the given message to the console.</doc>
<status status="PASS" starttime="20210704 16:29:30.171" endtime="20210704 16:29:30.171"/>
</kw>
<status status="PASS" starttime="20210704 16:29:30.171" endtime="20210704 16:29:30.172"/>
</kw>
<kw name="somar dois numeros">
<var>${resultado_da_soma}</var>
<arg>1</arg>
<arg>2</arg>
<kw name="Evaluate" library="BuiltIn">
<var>${resultado_da_expressao}</var>
<arg>${primeiro_num}+${segundo_num}</arg>
<doc>Evaluates the given expression in Python and returns the result.</doc>
<msg timestamp="20210704 16:29:30.172" level="INFO">${resultado_da_expressao} = 3</msg>
<status status="PASS" starttime="20210704 16:29:30.172" endtime="20210704 16:29:30.172"/>
</kw>
<kw name="Log To Console" library="BuiltIn">
<arg>${\n}O resultado é: ${resultado_da_expressao}</arg>
<doc>Logs the given message to the console.</doc>
<status status="PASS" starttime="20210704 16:29:30.173" endtime="20210704 16:29:30.173"/>
</kw>
<msg timestamp="20210704 16:29:30.173" level="INFO">${resultado_da_soma} = 3</msg>
<status status="PASS" starttime="20210704 16:29:30.172" endtime="20210704 16:29:30.173"/>
</kw>
<kw name="Log" library="BuiltIn">
<arg>${resultado_da_soma}</arg>
<doc>Logs the given message with the given level.</doc>
<msg timestamp="20210704 16:29:30.173" level="INFO">3</msg>
<status status="PASS" starttime="20210704 16:29:30.173" endtime="20210704 16:29:30.173"/>
</kw>
<kw name="somar dois numeros">
<var>${resultado_da_soma}</var>
<arg>${resultado_da_soma}</arg>
<arg>4</arg>
<kw name="Evaluate" library="BuiltIn">
<var>${resultado_da_expressao}</var>
<arg>${primeiro_num}+${segundo_num}</arg>
<doc>Evaluates the given expression in Python and returns the result.</doc>
<msg timestamp="20210704 16:29:30.174" level="INFO">${resultado_da_expressao} = 7</msg>
<status status="PASS" starttime="20210704 16:29:30.174" endtime="20210704 16:29:30.174"/>
</kw>
<kw name="Log To Console" library="BuiltIn">
<arg>${\n}O resultado é: ${resultado_da_expressao}</arg>
<doc>Logs the given message to the console.</doc>
<status status="PASS" starttime="20210704 16:29:30.174" endtime="20210704 16:29:30.175"/>
</kw>
<msg timestamp="20210704 16:29:30.175" level="INFO">${resultado_da_soma} = 7</msg>
<status status="PASS" starttime="20210704 16:29:30.174" endtime="20210704 16:29:30.175"/>
</kw>
<kw name="Log" library="BuiltIn">
<arg>${resultado_da_soma}</arg>
<doc>Logs the given message with the given level.</doc>
<msg timestamp="20210704 16:29:30.175" level="INFO">7</msg>
<status status="PASS" starttime="20210704 16:29:30.175" endtime="20210704 16:29:30.175"/>
</kw>
<kw name="kw para executar no Teardown de cada Teste" type="TEARDOWN">
<kw name="Log To Console" library="BuiltIn">
<arg>Essa KW foi executada no Teardown deste Teste</arg>
<doc>Logs the given message to the console.</doc>
<status status="PASS" starttime="20210704 16:29:30.176" endtime="20210704 16:29:30.176"/>
</kw>
<status status="PASS" starttime="20210704 16:29:30.175" endtime="20210704 16:29:30.176"/>
</kw>
<status status="PASS" starttime="20210704 16:29:30.171" endtime="20210704 16:29:30.176"/>
</test>
<kw name="kw para executar no Teardown da Suite" type="TEARDOWN">
<kw name="Log To Console" library="BuiltIn">
<arg>Essa KW foi executada no Teardown desta Suite!!!</arg>
<doc>Logs the given message to the console.</doc>
<status status="PASS" starttime="20210704 16:29:30.177" endtime="20210704 16:29:30.177"/>
</kw>
<status status="PASS" starttime="20210704 16:29:30.177" endtime="20210704 16:29:30.177"/>
</kw>
<doc>testando argumentos e retornos</doc>
<status status="PASS" starttime="20210704 16:29:30.162" endtime="20210704 16:29:30.177"/>
</suite>
<status status="PASS" starttime="20210704 16:29:30.138" endtime="20210704 16:29:30.178"/>
</suite>
<statistics>
<total>
<stat pass="1" fail="0" skip="0">All Tests</stat>
</total>
<tag>
</tag>
<suite>
<stat pass="1" fail="0" skip="0" id="s1" name="Argumentos Retornos">Argumentos Retornos</stat>
<stat pass="1" fail="0" skip="0" id="s1-s1" name="Argumentos Retornos">Argumentos Retornos.Argumentos Retornos</stat>
</suite>
</statistics>
<errors>
</errors>
</robot>
