<?xml version="1.0" encoding="UTF-8"?>
<robot generator="Robot 4.0.3 (Python 3.9.5 on win32)" generated="20210705 03:23:05.696" rpa="false" schemaversion="2">
<suite id="s1" name="Web Testing" source="C:\Users\vaaxa\OneDrive\Backup Dropbox\Backup Onedrvive\Documentos\Projetos\Prime Experts\PrimeExperts_junho_28_2021\web_testing">
<suite id="s1-s1" name="Web Test" source="C:\Users\vaaxa\OneDrive\Backup Dropbox\Backup Onedrvive\Documentos\Projetos\Prime Experts\PrimeExperts_junho_28_2021\web_testing\web_test.robot">
<kw name="Abrir o navegador" library="resource_web" type="SETUP">
<kw name="Open Browser" library="SeleniumLibrary">
<arg>browser=Chrome</arg>
<doc>Opens a new browser instance to the optional ``url``.</doc>
<msg timestamp="20210705 03:23:05.980" level="INFO">Opening browser 'Chrome' to base url 'None'.</msg>
<status status="PASS" starttime="20210705 03:23:05.980" endtime="20210705 03:23:07.420"/>
</kw>
<status status="PASS" starttime="20210705 03:23:05.979" endtime="20210705 03:23:07.421"/>
</kw>
<test id="s1-s1-t1" name="Caso de Teste 01: Pesquisar produto existente">
<kw name="Acessar a página home do site Automation Practice" library="resource_web">
<kw name="Go To" library="SeleniumLibrary">
<arg>${URL}</arg>
<doc>Navigates the current browser window to the provided ``url``.</doc>
<msg timestamp="20210705 03:23:07.424" level="INFO">Opening url 'http://automationpractice.com'</msg>
<status status="PASS" starttime="20210705 03:23:07.424" endtime="20210705 03:23:12.183"/>
</kw>
<status status="PASS" starttime="20210705 03:23:07.423" endtime="20210705 03:23:12.185"/>
</kw>
<kw name="Digitar o nome do produto &quot;Blouse&quot; no campo de pesquisa" library="resource_web" sourcename="Digitar o nome do produto &quot;${produto}&quot; no campo de pesquisa">
<kw name="Wait Until Element Is Visible" library="SeleniumLibrary">
<arg>id:search_query_top</arg>
<doc>Waits until the element ``locator`` is visible.</doc>
<status status="PASS" starttime="20210705 03:23:12.188" endtime="20210705 03:23:12.247"/>
</kw>
<kw name="Input Text" library="SeleniumLibrary">
<arg>id:search_query_top</arg>
<arg>${produto}</arg>
<doc>Types the given ``text`` into the text field identified by ``locator``.</doc>
<msg timestamp="20210705 03:23:12.248" level="INFO">Typing text 'Blouse' into text field 'id:search_query_top'.</msg>
<status status="PASS" starttime="20210705 03:23:12.247" endtime="20210705 03:23:12.358"/>
</kw>
<status status="PASS" starttime="20210705 03:23:12.186" endtime="20210705 03:23:12.358"/>
</kw>
<kw name="Clicar no botão pesquisar" library="resource_web">
<kw name="Click Button" library="SeleniumLibrary">
<arg>name:submit_search</arg>
<doc>Clicks the button identified by ``locator``.</doc>
<msg timestamp="20210705 03:23:12.358" level="INFO">Clicking button 'name:submit_search'.</msg>
<status status="PASS" starttime="20210705 03:23:12.358" endtime="20210705 03:23:13.109"/>
</kw>
<status status="PASS" starttime="20210705 03:23:12.358" endtime="20210705 03:23:13.110"/>
</kw>
<kw name="Conferir se o produto &quot;Blouse&quot; foi listado no site" library="resource_web" sourcename="Conferir se o produto &quot;${produto}&quot; foi listado no site">
<kw name="Wait Until Element Is Visible" library="SeleniumLibrary">
<arg>//h5[@itemprop='name'][contains(.,'Blouse')]</arg>
<doc>Waits until the element ``locator`` is visible.</doc>
<status status="PASS" starttime="20210705 03:23:13.112" endtime="20210705 03:23:13.516"/>
</kw>
<kw name="Element Text Should Be" library="SeleniumLibrary">
<arg>//h5[@itemprop='name'][contains(.,'Blouse')]</arg>
<arg>${produto}</arg>
<doc>Verifies that element ``locator`` contains exact the text ``expected``.</doc>
<msg timestamp="20210705 03:23:13.518" level="INFO">Verifying element '//h5[@itemprop='name'][contains(.,'Blouse')]' contains exact text 'Blouse'.</msg>
<status status="PASS" starttime="20210705 03:23:13.517" endtime="20210705 03:23:13.611"/>
</kw>
<status status="PASS" starttime="20210705 03:23:13.111" endtime="20210705 03:23:13.611"/>
</kw>
<status status="PASS" starttime="20210705 03:23:07.421" endtime="20210705 03:23:13.612"/>
</test>
<test id="s1-s1-t2" name="Caso de Teste 02: Pesquisar produto inexistente">
<kw name="Acessar a página home do site Automation Practice" library="resource_web">
<kw name="Go To" library="SeleniumLibrary">
<arg>${URL}</arg>
<doc>Navigates the current browser window to the provided ``url``.</doc>
<msg timestamp="20210705 03:23:13.619" level="INFO">Opening url 'http://automationpractice.com'</msg>
<status status="PASS" starttime="20210705 03:23:13.616" endtime="20210705 03:23:15.287"/>
</kw>
<status status="PASS" starttime="20210705 03:23:13.616" endtime="20210705 03:23:15.287"/>
</kw>
<kw name="Digitar o nome do produto &quot;itemNãoExistente&quot; no campo de pesquisa" library="resource_web" sourcename="Digitar o nome do produto &quot;${produto}&quot; no campo de pesquisa">
<kw name="Wait Until Element Is Visible" library="SeleniumLibrary">
<arg>id:search_query_top</arg>
<doc>Waits until the element ``locator`` is visible.</doc>
<status status="PASS" starttime="20210705 03:23:15.290" endtime="20210705 03:23:15.334"/>
</kw>
<kw name="Input Text" library="SeleniumLibrary">
<arg>id:search_query_top</arg>
<arg>${produto}</arg>
<doc>Types the given ``text`` into the text field identified by ``locator``.</doc>
<msg timestamp="20210705 03:23:15.335" level="INFO">Typing text 'itemNãoExistente' into text field 'id:search_query_top'.</msg>
<status status="PASS" starttime="20210705 03:23:15.334" endtime="20210705 03:23:15.496"/>
</kw>
<status status="PASS" starttime="20210705 03:23:15.289" endtime="20210705 03:23:15.496"/>
</kw>
<kw name="Clicar no botão pesquisar" library="resource_web">
<kw name="Click Button" library="SeleniumLibrary">
<arg>name:submit_search</arg>
<doc>Clicks the button identified by ``locator``.</doc>
<msg timestamp="20210705 03:23:15.496" level="INFO">Clicking button 'name:submit_search'.</msg>
<status status="PASS" starttime="20210705 03:23:15.496" endtime="20210705 03:23:16.445"/>
</kw>
<status status="PASS" starttime="20210705 03:23:15.496" endtime="20210705 03:23:16.446"/>
</kw>
<kw name="Conferir mensagem de erro &quot;${MENSAGEM_ALERTA}&quot;" library="resource_web" sourcename="Conferir Mensagem De Erro &quot;${MENSAGEM_ALERTA}&quot;">
<kw name="Wait Until Element Is Visible" library="SeleniumLibrary">
<arg>//*[@id="center_column"]/p[@class='alert alert-warning']</arg>
<doc>Waits until the element ``locator`` is visible.</doc>
<status status="PASS" starttime="20210705 03:23:16.447" endtime="20210705 03:23:16.479"/>
</kw>
<kw name="Element Should Be Visible" library="SeleniumLibrary">
<arg>//*[@id="center_column"]/p[@class='alert alert-warning']</arg>
<arg>${MENSAGEM_ALERTA}</arg>
<doc>Verifies that the element identified by ``locator`` is visible.</doc>
<msg timestamp="20210705 03:23:16.507" level="INFO">Element '//*[@id="center_column"]/p[@class='alert alert-warning']' is displayed.</msg>
<status status="PASS" starttime="20210705 03:23:16.480" endtime="20210705 03:23:16.508"/>
</kw>
<status status="PASS" starttime="20210705 03:23:16.446" endtime="20210705 03:23:16.508"/>
</kw>
<status status="PASS" starttime="20210705 03:23:13.616" endtime="20210705 03:23:16.508"/>
</test>
<test id="s1-s1-t3" name="Caso de Teste 03: Listar Produtos">
<kw name="Acessar a página home do site Automation Practice" library="resource_web">
<kw name="Go To" library="SeleniumLibrary">
<arg>${URL}</arg>
<doc>Navigates the current browser window to the provided ``url``.</doc>
<msg timestamp="20210705 03:23:16.513" level="INFO">Opening url 'http://automationpractice.com'</msg>
<status status="PASS" starttime="20210705 03:23:16.513" endtime="20210705 03:23:18.558"/>
</kw>
<status status="PASS" starttime="20210705 03:23:16.513" endtime="20210705 03:23:18.559"/>
</kw>
<kw name="Passar o mouse por cima da categoria ${Categoria_Women} no menu principal superior de categorias" library="resource_web" sourcename="Passar o mouse por cima da categoria ${Categoria_Women} no menu principal superior de categorias">
<kw name="Wait Until Element Is Visible" library="SeleniumLibrary">
<arg>xpath=//*[@id="block_top_menu"]//a[@title="${Categoria_Women}"]</arg>
<doc>Waits until the element ``locator`` is visible.</doc>
<status status="PASS" starttime="20210705 03:23:18.564" endtime="20210705 03:23:18.663"/>
</kw>
<kw name="Mouse Over" library="SeleniumLibrary">
<arg>xpath=//*[@id="block_top_menu"]//a[@title="${Categoria_Women}"]</arg>
<doc>Simulates hovering the mouse over the element ``locator``.</doc>
<msg timestamp="20210705 03:23:18.667" level="INFO">Simulating Mouse Over on element 'xpath=//*[@id="block_top_menu"]//a[@title="Women"]'.</msg>
<status status="PASS" starttime="20210705 03:23:18.663" endtime="20210705 03:23:19.066"/>
</kw>
<status status="PASS" starttime="20210705 03:23:18.562" endtime="20210705 03:23:19.066"/>
</kw>
<kw name="Clicar na sub categoria &quot;Summer Dresses&quot;" library="resource_web" sourcename="Clicar na sub categoria &quot;${sub_categoria}&quot;">
<kw name="Wait Until Element Is Visible" library="SeleniumLibrary">
<arg>xpath=//*[@id="block_top_menu"]//a[@title="${sub_categoria}"]</arg>
<doc>Waits until the element ``locator`` is visible.</doc>
<status status="PASS" starttime="20210705 03:23:19.071" endtime="20210705 03:23:19.168"/>
</kw>
<kw name="Click Element" library="SeleniumLibrary">
<arg>xpath=//*[@id="block_top_menu"]//a[@title="${sub_categoria}"]</arg>
<doc>Click the element identified by ``locator``.</doc>
<msg timestamp="20210705 03:23:19.171" level="INFO">Clicking element 'xpath=//*[@id="block_top_menu"]//a[@title="Summer Dresses"]'.</msg>
<status status="PASS" starttime="20210705 03:23:19.169" endtime="20210705 03:23:22.073"/>
</kw>
<status status="PASS" starttime="20210705 03:23:19.068" endtime="20210705 03:23:22.073"/>
</kw>
<kw name="Conferir se os produtos da sub-categoria &quot;Summer Dresses&quot; foram mostrados na página" library="resource_web" sourcename="Conferir se os produtos da sub-categoria &quot;${sub_categoria}&quot; foram mostrados na página">
<kw name="Page Should Contain Element" library="SeleniumLibrary">
<arg>xpath=//*[@id="center_column"]/h1/span[contains(text(),"${sub_categoria}")]</arg>
<doc>Verifies that element ``locator`` is found on the current page.</doc>
<msg timestamp="20210705 03:23:22.123" level="INFO">Current page contains element 'xpath=//*[@id="center_column"]/h1/span[contains(text(),"Summer Dresses")]'.</msg>
<status status="PASS" starttime="20210705 03:23:22.077" endtime="20210705 03:23:22.123"/>
</kw>
<kw name="Page Should Contain Element" library="SeleniumLibrary">
<arg>xpath=//*[@id="center_column"]/ul/li[1]/div/div[2]/h5/a[@title="${Produtos_Sub_Categorias[0]}"]</arg>
<doc>Verifies that element ``locator`` is found on the current page.</doc>
<msg timestamp="20210705 03:23:22.167" level="INFO">Current page contains element 'xpath=//*[@id="center_column"]/ul/li[1]/div/div[2]/h5/a[@title="Printed Summer Dress"]'.</msg>
<status status="PASS" starttime="20210705 03:23:22.123" endtime="20210705 03:23:22.168"/>
</kw>
<kw name="Page Should Contain Element" library="SeleniumLibrary">
<arg>xpath=//*[@id="center_column"]/ul/li[2]/div/div[2]/h5/a[@title="${Produtos_Sub_Categorias[1]}"]</arg>
<doc>Verifies that element ``locator`` is found on the current page.</doc>
<msg timestamp="20210705 03:23:22.211" level="INFO">Current page contains element 'xpath=//*[@id="center_column"]/ul/li[2]/div/div[2]/h5/a[@title="Printed Summer Dress"]'.</msg>
<status status="PASS" starttime="20210705 03:23:22.168" endtime="20210705 03:23:22.211"/>
</kw>
<kw name="Page Should Contain Element" library="SeleniumLibrary">
<arg>xpath=//*[@id="center_column"]/ul/li[3]/div/div[2]/h5/a[@title="${Produtos_Sub_Categorias[2]}"]</arg>
<doc>Verifies that element ``locator`` is found on the current page.</doc>
<msg timestamp="20210705 03:23:22.253" level="INFO">Current page contains element 'xpath=//*[@id="center_column"]/ul/li[3]/div/div[2]/h5/a[@title="Printed Chiffon Dress"]'.</msg>
<status status="PASS" starttime="20210705 03:23:22.214" endtime="20210705 03:23:22.253"/>
</kw>
<status status="PASS" starttime="20210705 03:23:22.073" endtime="20210705 03:23:22.255"/>
</kw>
<status status="PASS" starttime="20210705 03:23:16.511" endtime="20210705 03:23:22.256"/>
</test>
<test id="s1-s1-t4" name="Caso de Teste 04: Adicionar Cliente">
<kw name="Clicar em &quot;Sign in&quot;" library="resource_web">
<kw name="Click Element" library="SeleniumLibrary">
<arg>xpath=//*[@id="header"]/div[2]/div/div/nav/div[1]/a</arg>
<doc>Click the element identified by ``locator``.</doc>
<msg timestamp="20210705 03:23:22.267" level="INFO">Clicking element 'xpath=//*[@id="header"]/div[2]/div/div/nav/div[1]/a'.</msg>
<status status="PASS" starttime="20210705 03:23:22.262" endtime="20210705 03:23:24.218"/>
</kw>
<status status="PASS" starttime="20210705 03:23:22.262" endtime="20210705 03:23:24.219"/>
</kw>
<kw name="Informar um e-mail válido" library="resource_web">
<kw name="Wait Until Element Is Visible" library="SeleniumLibrary">
<arg>id=email_create</arg>
<doc>Waits until the element ``locator`` is visible.</doc>
<status status="PASS" starttime="20210705 03:23:24.223" endtime="20210705 03:23:24.328"/>
</kw>
<kw name="Generate Random String" library="String">
<var>${EMAIL}</var>
<doc>Generates a string with a desired ``length`` from the given ``chars``.</doc>
<msg timestamp="20210705 03:23:24.331" level="INFO">${EMAIL} = 6yM3sFJr</msg>
<status status="PASS" starttime="20210705 03:23:24.328" endtime="20210705 03:23:24.331"/>
</kw>
<kw name="Input Text" library="SeleniumLibrary">
<arg>id=email_create</arg>
<arg>${EMAIL}@robotframework.com</arg>
<doc>Types the given ``text`` into the text field identified by ``locator``.</doc>
<msg timestamp="20210705 03:23:24.331" level="INFO">Typing text '6yM3sFJr@robotframework.com' into text field 'id=email_create'.</msg>
<status status="PASS" starttime="20210705 03:23:24.331" endtime="20210705 03:23:24.703"/>
</kw>
<status status="PASS" starttime="20210705 03:23:24.220" endtime="20210705 03:23:24.704"/>
</kw>
<kw name="Clicar em &quot;Create an account&quot;" library="resource_web">
<kw name="Click Button" library="SeleniumLibrary">
<arg>id=SubmitCreate</arg>
<doc>Clicks the button identified by ``locator``.</doc>
<msg timestamp="20210705 03:23:24.707" level="INFO">Clicking button 'id=SubmitCreate'.</msg>
<status status="PASS" starttime="20210705 03:23:24.707" endtime="20210705 03:23:24.967"/>
</kw>
<status status="PASS" starttime="20210705 03:23:24.705" endtime="20210705 03:23:24.970"/>
</kw>
<kw name="Preencher os dados obrigatórios" library="resource_web">
<kw name="Wait Until Element Is Visible" library="SeleniumLibrary">
<arg>xpath=//*[@id="account-creation_form"]//h3[contains(text(),"Your personal information")]</arg>
<doc>Waits until the element ``locator`` is visible.</doc>
<status status="PASS" starttime="20210705 03:23:24.972" endtime="20210705 03:23:27.166"/>
</kw>
<kw name="Click Element" library="SeleniumLibrary">
<arg>id=id_gender2</arg>
<doc>Click the element identified by ``locator``.</doc>
<msg timestamp="20210705 03:23:27.166" level="INFO">Clicking element 'id=id_gender2'.</msg>
<status status="PASS" starttime="20210705 03:23:27.166" endtime="20210705 03:23:27.368"/>
</kw>
<kw name="Input Text" library="SeleniumLibrary">
<arg>id=customer_firstname</arg>
<arg>${PESSOA.nome}</arg>
<doc>Types the given ``text`` into the text field identified by ``locator``.</doc>
<msg timestamp="20210705 03:23:27.372" level="INFO">Typing text 'Valeria' into text field 'id=customer_firstname'.</msg>
<status status="PASS" starttime="20210705 03:23:27.368" endtime="20210705 03:23:27.796"/>
</kw>
<kw name="Input Text" library="SeleniumLibrary">
<arg>id=customer_lastname</arg>
<arg>${PESSOA.sobrenome}</arg>
<doc>Types the given ``text`` into the text field identified by ``locator``.</doc>
<msg timestamp="20210705 03:23:27.798" level="INFO">Typing text 'Xavier' into text field 'id=customer_lastname'.</msg>
<status status="PASS" starttime="20210705 03:23:27.796" endtime="20210705 03:23:27.972"/>
</kw>
<kw name="Input Text" library="SeleniumLibrary">
<arg>id=passwd</arg>
<arg>${PESSOA.pwd}</arg>
<doc>Types the given ``text`` into the text field identified by ``locator``.</doc>
<msg timestamp="20210705 03:23:27.974" level="INFO">Typing text '123456' into text field 'id=passwd'.</msg>
<status status="PASS" starttime="20210705 03:23:27.972" endtime="20210705 03:23:28.135"/>
</kw>
<kw name="Input Text" library="SeleniumLibrary">
<arg>id=address1</arg>
<arg>${PESSOA.endereco}</arg>
<doc>Types the given ``text`` into the text field identified by ``locator``.</doc>
<msg timestamp="20210705 03:23:28.138" level="INFO">Typing text 'Rua Prime, Bairro Expert' into text field 'id=address1'.</msg>
<status status="PASS" starttime="20210705 03:23:28.136" endtime="20210705 03:23:28.345"/>
</kw>
<kw name="Input Text" library="SeleniumLibrary">
<arg>id=city</arg>
<arg>${PESSOA.cidade}</arg>
<doc>Types the given ``text`` into the text field identified by ``locator``.</doc>
<msg timestamp="20210705 03:23:28.346" level="INFO">Typing text 'Teste' into text field 'id=city'.</msg>
<status status="PASS" starttime="20210705 03:23:28.345" endtime="20210705 03:23:28.578"/>
</kw>
<kw name="Set Focus To Element" library="SeleniumLibrary">
<arg>id=id_state</arg>
<doc>Sets the focus to the element identified by ``locator``.</doc>
<status status="PASS" starttime="20210705 03:23:28.579" endtime="20210705 03:23:28.645"/>
</kw>
<kw name="Select From List By Index" library="SeleniumLibrary">
<arg>id=id_state</arg>
<arg>${PESSOA.id_estado}</arg>
<doc>Selects options from selection list ``locator`` by ``indexes``.</doc>
<msg timestamp="20210705 03:23:28.645" level="INFO">Selecting options from selection list 'id=id_state' by index 9.</msg>
<status status="PASS" starttime="20210705 03:23:28.645" endtime="20210705 03:23:29.039"/>
</kw>
<kw name="Input Text" library="SeleniumLibrary">
<arg>id=postcode</arg>
<arg>${PESSOA.cep}</arg>
<doc>Types the given ``text`` into the text field identified by ``locator``.</doc>
<msg timestamp="20210705 03:23:29.042" level="INFO">Typing text '12345' into text field 'id=postcode'.</msg>
<status status="PASS" starttime="20210705 03:23:29.040" endtime="20210705 03:23:29.305"/>
</kw>
<kw name="Input Text" library="SeleniumLibrary">
<arg>id=phone_mobile</arg>
<arg>${PESSOA.telefone}</arg>
<doc>Types the given ``text`` into the text field identified by ``locator``.</doc>
<msg timestamp="20210705 03:23:29.308" level="INFO">Typing text '12345678' into text field 'id=phone_mobile'.</msg>
<status status="PASS" starttime="20210705 03:23:29.305" endtime="20210705 03:23:29.569"/>
</kw>
<status status="PASS" starttime="20210705 03:23:24.970" endtime="20210705 03:23:29.570"/>
</kw>
<kw name="Submeter cadastro" library="resource_web">
<kw name="Click Button" library="SeleniumLibrary">
<arg>submitAccount</arg>
<doc>Clicks the button identified by ``locator``.</doc>
<msg timestamp="20210705 03:23:29.574" level="INFO">Clicking button 'submitAccount'.</msg>
<status status="PASS" starttime="20210705 03:23:29.573" endtime="20210705 03:23:31.756"/>
</kw>
<status status="PASS" starttime="20210705 03:23:29.571" endtime="20210705 03:23:31.757"/>
</kw>
<kw name="Conferir se o cadastro foi efetuado com sucesso" library="resource_web">
<kw name="Wait Until Element Is Visible" library="SeleniumLibrary">
<arg>xpath=//*[@id="center_column"]/p</arg>
<doc>Waits until the element ``locator`` is visible.</doc>
<status status="PASS" starttime="20210705 03:23:31.761" endtime="20210705 03:23:31.848"/>
</kw>
<kw name="Element Text Should Be" library="SeleniumLibrary">
<arg>xpath=//*[@id="center_column"]/p</arg>
<arg>Welcome to your account. Here you can manage all of your personal information and orders.</arg>
<doc>Verifies that element ``locator`` contains exact the text ``expected``.</doc>
<msg timestamp="20210705 03:23:31.848" level="INFO">Verifying element 'xpath=//*[@id="center_column"]/p' contains exact text 'Welcome to your account. Here you can manage all of your personal information and orders.'.</msg>
<status status="PASS" starttime="20210705 03:23:31.848" endtime="20210705 03:23:31.913"/>
</kw>
<kw name="Element Text Should Be" library="SeleniumLibrary">
<arg>xpath=//*[@id="header"]/div[2]//div[1]/a/span</arg>
<arg>${PESSOA.nome} ${PESSOA.sobrenome}</arg>
<doc>Verifies that element ``locator`` contains exact the text ``expected``.</doc>
<msg timestamp="20210705 03:23:31.913" level="INFO">Verifying element 'xpath=//*[@id="header"]/div[2]//div[1]/a/span' contains exact text 'Valeria Xavier'.</msg>
<status status="PASS" starttime="20210705 03:23:31.913" endtime="20210705 03:23:31.995"/>
</kw>
<status status="PASS" starttime="20210705 03:23:31.759" endtime="20210705 03:23:31.995"/>
</kw>
<status status="PASS" starttime="20210705 03:23:22.261" endtime="20210705 03:23:31.995"/>
</test>
<kw name="Fechar o navegador" library="resource_web" type="TEARDOWN">
<kw name="Close Browser" library="SeleniumLibrary">
<doc>Closes the current browser.</doc>
<status status="PASS" starttime="20210705 03:23:32.003" endtime="20210705 03:23:34.343"/>
</kw>
<status status="PASS" starttime="20210705 03:23:32.003" endtime="20210705 03:23:34.344"/>
</kw>
<doc>teste case web</doc>
<status status="PASS" starttime="20210705 03:23:05.726" endtime="20210705 03:23:34.344"/>
</suite>
<status status="PASS" starttime="20210705 03:23:05.698" endtime="20210705 03:23:34.356"/>
</suite>
<statistics>
<total>
<stat pass="4" fail="0" skip="0">All Tests</stat>
</total>
<tag>
</tag>
<suite>
<stat pass="4" fail="0" skip="0" id="s1" name="Web Testing">Web Testing</stat>
<stat pass="4" fail="0" skip="0" id="s1-s1" name="Web Test">Web Testing.Web Test</stat>
</suite>
</statistics>
<errors>
</errors>
</robot>
